<?xml version="1.0" encoding="UTF-8"?>
<!-- Generated by org.testng.reporters.JUnitReportReporter -->
<testsuite hostname="Meenulaptop" failures="0" tests="5" name="com.sf.automationtests.TestScriptOpty" time="104.762" errors="0" timestamp="2024-02-20T20:50:02 MST" skipped="0">
  <testcase classname="com.sf.automationtests.TestScriptOpty" name="OptySFTC11" time="19.762"/>
  <system-out/>
  <testcase classname="com.sf.automationtests.TestScriptOpty" name="OptySFTC14" time="20.034"/>
  <system-out/>
  <testcase classname="com.sf.automationtests.TestScriptOpty" name="OptySFTC15" time="20.502"/>
  <system-out/>
  <testcase classname="com.sf.automationtests.TestScriptOpty" name="OptySFTC12" time="24.751"/>
  <system-out/>
  <testcase classname="com.sf.automationtests.TestScriptOpty" name="OptySFTC13" time="19.713"/>
  <system-out/>
</testsuite> <!-- com.sf.automationtests.TestScriptOpty -->
