<?xml version="1.0" encoding="UTF-8"?>
<!-- Generated by org.testng.reporters.JUnitReportReporter -->
<testsuite hostname="Meenulaptop" failures="0" tests="5" name="com.sf.automationtests.TestScriptLogin" time="77.534" errors="0" timestamp="2024-02-20T20:50:02 MST" skipped="0">
  <testcase classname="com.sf.automationtests.TestScriptLogin" name="loginSFTC3" time="17.791"/>
  <system-out/>
  <testcase classname="com.sf.automationtests.TestScriptLogin" name="loginSFTC1" time="11.761"/>
  <system-out/>
  <testcase classname="com.sf.automationtests.TestScriptLogin" name="loginSFTC5" time="13.733"/>
  <system-out/>
  <testcase classname="com.sf.automationtests.TestScriptLogin" name="loginSFTC2" time="19.153"/>
  <system-out/>
  <testcase classname="com.sf.automationtests.TestScriptLogin" name="loginSFTC4" time="15.096"/>
  <system-out/>
</testsuite> <!-- com.sf.automationtests.TestScriptLogin -->
